e:\sms bingo\sms-bingo\source\sms-bingo\x64\debug\moc_mainwindow.obj
e:\sms bingo\sms-bingo\source\sms-bingo\x64\debug\moc_qbingoboard.obj
e:\sms bingo\sms-bingo\source\sms-bingo\x64\debug\main.obj
e:\sms bingo\sms-bingo\source\sms-bingo\x64\debug\qbingoboard.obj
e:\sms bingo\sms-bingo\source\sms-bingo\x64\debug\mainwindow.obj
e:\sms bingo\sms-bingo\source\sms-bingo\x64\debug\player.obj
e:\sms bingo\sms-bingo\source\sms-bingo\x64\debug\backend.obj
e:\sms bingo\sms-bingo\source\sms-bingo\x64\debug\moc_backend.obj
e:\sms bingo\sms-bingo\source\sms-bingo\x64\debug\vc141.pdb
e:\sms bingo\sms-bingo\source\sms-bingo\x64\debug\qrc_sms_bingo.obj
e:\sms bingo\sms-bingo\source\sms-bingo\x64\debug\moc_bingospace.obj
e:\sms bingo\sms-bingo\source\sms-bingo\x64\debug\bingospace.obj
e:\sms bingo\sms-bingo\source\sms-bingo\x64\debug\moc_bingoboard.obj
e:\sms bingo\sms-bingo\source\sms-bingo\x64\debug\bingoboard.obj
e:\sms bingo\sms-bingo\source\sms-bingo\x64\debug\moc_titlewindow.obj
e:\sms bingo\sms-bingo\source\sms-bingo\x64\debug\titlewindow.obj
e:\sms bingo\sms-bingo\source\sms-bingo\x64\debug\sms-bingo.exe
e:\sms bingo\sms-bingo\source\sms-bingo\x64\debug\sms-bingo.ilk
e:\sms bingo\sms-bingo\source\sms-bingo\x64\debug\sms-bingo.pdb
e:\sms bingo\sms-bingo\source\sms-bingo\.\generatedfiles\debug\moc_mainwindow.cpp
e:\sms bingo\sms-bingo\source\sms-bingo\.\generatedfiles\debug\moc_titlewindow.cpp
e:\sms bingo\sms-bingo\source\sms-bingo\.\generatedfiles\debug\moc_bingospace.cpp
e:\sms bingo\sms-bingo\source\sms-bingo\.\generatedfiles\debug\moc_bingoboard.cpp
e:\sms bingo\sms-bingo\source\sms-bingo\.\generatedfiles\qrc_sms_bingo.cpp
e:\sms bingo\sms-bingo\source\sms-bingo\generatedfiles\ui_mainwindow.h
e:\sms bingo\sms-bingo\source\sms-bingo\generatedfiles\qrc_sms_bingo.cpp
e:\sms bingo\sms-bingo\source\sms-bingo\generatedfiles\debug\moc_mainwindow.cpp
e:\sms bingo\sms-bingo\source\sms-bingo\generatedfiles\debug\moc_qbingoboard.cpp
e:\sms bingo\sms-bingo\source\sms-bingo\generatedfiles\debug\moc_backend.cpp
e:\sms bingo\sms-bingo\source\sms-bingo\generatedfiles\debug\moc_bingospace.cpp
e:\sms bingo\sms-bingo\source\sms-bingo\generatedfiles\debug\moc_bingoboard.cpp
e:\sms bingo\sms-bingo\source\sms-bingo\generatedfiles\debug\moc_titlewindow.cpp
e:\sms bingo\sms-bingo\source\sms-bingo\x64\debug\sms-bingo.tlog\cl.command.1.tlog
e:\sms bingo\sms-bingo\source\sms-bingo\x64\debug\sms-bingo.tlog\cl.read.1.tlog
e:\sms bingo\sms-bingo\source\sms-bingo\x64\debug\sms-bingo.tlog\cl.write.1.tlog
e:\sms bingo\sms-bingo\source\sms-bingo\x64\debug\sms-bingo.tlog\link.command.1.tlog
e:\sms bingo\sms-bingo\source\sms-bingo\x64\debug\sms-bingo.tlog\link.read.1.tlog
e:\sms bingo\sms-bingo\source\sms-bingo\x64\debug\sms-bingo.tlog\link.write.1.tlog
e:\sms bingo\sms-bingo\source\sms-bingo\x64\debug\sms-bingo.tlog\moc.read.1u.tlog
e:\sms bingo\sms-bingo\source\sms-bingo\x64\debug\sms-bingo.tlog\moc.write.1u.tlog
e:\sms bingo\sms-bingo\source\sms-bingo\x64\debug\sms-bingo.tlog\rcc.read.1u.tlog
e:\sms bingo\sms-bingo\source\sms-bingo\x64\debug\sms-bingo.tlog\rcc.write.1u.tlog
e:\sms bingo\sms-bingo\source\sms-bingo\x64\debug\sms-bingo.tlog\sms-bingo.write.1u.tlog
e:\sms bingo\sms-bingo\source\sms-bingo\x64\debug\sms-bingo.tlog\uic.read.1u.tlog
e:\sms bingo\sms-bingo\source\sms-bingo\x64\debug\sms-bingo.tlog\uic.write.1u.tlog
